<?xml version="1.0" encoding="UTF-8"?>
<testng-results ignored="0" total="1" passed="1" failed="0" skipped="0">
  <reporter-output>
  </reporter-output>
  <suite started-at="2023-10-02T14:58:47 EET" name="Default suite" finished-at="2023-10-02T14:58:49 EET" duration-ms="1970">
    <groups>
    </groups>
    <test started-at="2023-10-02T14:58:47 EET" name="Default test" finished-at="2023-10-02T14:58:49 EET" duration-ms="1970">
      <class name="ltuc_one.MyClass">
        <test-method is-config="true" signature="MyBeforTest()[pri:0, instance:ltuc_one.MyClass@58f174d9]" started-at="2023-10-02T14:58:47 EET" name="MyBeforTest" finished-at="2023-10-02T14:58:49 EET" duration-ms="1806" status="PASS">
          <reporter-output>
          </reporter-output>
        </test-method> <!-- MyBeforTest -->
        <test-method signature="MyTest()[pri:0, instance:ltuc_one.MyClass@58f174d9]" started-at="2023-10-02T14:58:49 EET" name="MyTest" finished-at="2023-10-02T14:58:49 EET" duration-ms="4" status="PASS">
          <reporter-output>
          </reporter-output>
        </test-method> <!-- MyTest -->
        <test-method is-config="true" signature="MyAfterTest()[pri:0, instance:ltuc_one.MyClass@58f174d9]" started-at="2023-10-02T14:58:49 EET" name="MyAfterTest" finished-at="2023-10-02T14:58:49 EET" duration-ms="128" status="PASS">
          <reporter-output>
          </reporter-output>
        </test-method> <!-- MyAfterTest -->
      </class> <!-- ltuc_one.MyClass -->
    </test> <!-- Default test -->
  </suite> <!-- Default suite -->
</testng-results>
